2023-06-08 20:09:13,074 INFO o.a.j.u.JMeterUtils: Setting Locale to en_EN
2023-06-08 20:09:13,123 INFO o.a.j.JMeter: Loading user properties from: user.properties
2023-06-08 20:09:13,124 INFO o.a.j.JMeter: Loading system properties from: system.properties
2023-06-08 20:09:13,142 INFO o.a.j.JMeter: Copyright (c) 1998-2022 The Apache Software Foundation
2023-06-08 20:09:13,142 INFO o.a.j.JMeter: Version 5.5
2023-06-08 20:09:13,142 INFO o.a.j.JMeter: java.version=17.0.2
2023-06-08 20:09:13,142 INFO o.a.j.JMeter: java.vm.name=Java HotSpot(TM) 64-Bit Server VM
2023-06-08 20:09:13,143 INFO o.a.j.JMeter: os.name=Windows 10
2023-06-08 20:09:13,143 INFO o.a.j.JMeter: os.arch=amd64
2023-06-08 20:09:13,143 INFO o.a.j.JMeter: os.version=10.0
2023-06-08 20:09:13,143 INFO o.a.j.JMeter: file.encoding=Cp1252
2023-06-08 20:09:13,143 INFO o.a.j.JMeter: java.awt.headless=null
2023-06-08 20:09:13,144 INFO o.a.j.JMeter: Max memory     =1073741824
2023-06-08 20:09:13,144 INFO o.a.j.JMeter: Available Processors =4
2023-06-08 20:09:13,171 INFO o.a.j.JMeter: Default Locale=English (EN)
2023-06-08 20:09:13,172 INFO o.a.j.JMeter: JMeter  Locale=English (EN)
2023-06-08 20:09:13,172 INFO o.a.j.JMeter: JMeterHome=C:\Hotel Management Application\apache-jmeter-5.5
2023-06-08 20:09:13,172 INFO o.a.j.JMeter: user.dir  =C:\Hotel Management Application\apache-jmeter-5.5\bin
2023-06-08 20:09:13,172 INFO o.a.j.JMeter: PWD       =C:\Hotel Management Application\apache-jmeter-5.5\bin
2023-06-08 20:09:17,724 INFO o.a.j.JMeter: IP: 172.19.96.1 Name: DESKTOP-QIU7N5B FullName: DESKTOP-QIU7N5B
2023-06-08 20:09:17,829 INFO o.a.j.JMeter: Loaded icon properties from org/apache/jmeter/images/icon.properties
2023-06-08 20:09:18,402 INFO o.a.j.JMeterGuiLauncher: Setting LAF to: com.github.weisj.darklaf.DarkLaf:com.github.weisj.darklaf.theme.DarculaTheme
2023-06-08 20:09:28,087 INFO o.a.j.s.FileServer: Default base='C:\Hotel Management Application\apache-jmeter-5.5\bin'
2023-06-08 20:10:18,144 INFO o.a.j.p.h.s.HTTPSamplerBase: Parser for text/html is org.apache.jmeter.protocol.http.parser.LagartoBasedHtmlParser
2023-06-08 20:10:18,145 INFO o.a.j.p.h.s.HTTPSamplerBase: Parser for application/xhtml+xml is org.apache.jmeter.protocol.http.parser.LagartoBasedHtmlParser
2023-06-08 20:10:18,145 INFO o.a.j.p.h.s.HTTPSamplerBase: Parser for application/xml is org.apache.jmeter.protocol.http.parser.LagartoBasedHtmlParser
2023-06-08 20:10:18,145 INFO o.a.j.p.h.s.HTTPSamplerBase: Parser for text/xml is org.apache.jmeter.protocol.http.parser.LagartoBasedHtmlParser
2023-06-08 20:10:18,145 INFO o.a.j.p.h.s.HTTPSamplerBase: Parser for text/vnd.wap.wml is org.apache.jmeter.protocol.http.parser.RegexpHTMLParser
2023-06-08 20:10:18,145 INFO o.a.j.p.h.s.HTTPSamplerBase: Parser for text/css is org.apache.jmeter.protocol.http.parser.CssParser
2023-06-08 20:11:43,910 INFO o.a.j.s.SampleResult: Note: Sample TimeStamps are START times
2023-06-08 20:11:43,911 INFO o.a.j.s.SampleResult: sampleresult.default.encoding is set to ISO-8859-1
2023-06-08 20:11:43,911 INFO o.a.j.s.SampleResult: sampleresult.useNanoTime=true
2023-06-08 20:11:43,911 INFO o.a.j.s.SampleResult: sampleresult.nanoThreadSleep=5000
2023-06-08 20:11:44,247 INFO o.a.j.v.ViewResultsFullVisualizer: Add JavaFX to your Java installation if you want to use renderer: org.apache.jmeter.visualizers.RenderInBrowser
2023-06-08 20:12:17,869 INFO o.a.j.s.FileServer: Set new base='C:\Hotel Management Application\apache-jmeter-5.5\bin'
2023-06-08 20:12:18,246 INFO o.a.j.s.SaveService: Testplan (JMX) version: 2.2. Testlog (JTL) version: 2.2
2023-06-08 20:12:18,305 INFO o.a.j.s.SaveService: Using SaveService properties version 5.0
2023-06-08 20:12:18,311 INFO o.a.j.s.SaveService: Using SaveService properties file encoding UTF-8
2023-06-08 20:12:18,381 INFO o.a.j.e.StandardJMeterEngine: Running the test!
2023-06-08 20:12:18,384 INFO o.a.j.s.SampleEvent: List of sample_variables: []
2023-06-08 20:12:18,384 INFO o.a.j.s.SampleEvent: List of sample_variables: []
2023-06-08 20:12:18,386 INFO o.a.j.e.u.CompoundVariable: Note: Function class names must contain the string: '.functions.'
2023-06-08 20:12:18,387 INFO o.a.j.e.u.CompoundVariable: Note: Function class names must not contain the string: '.gui.'
2023-06-08 20:12:18,486 INFO o.a.j.g.u.JMeterMenuBar: setRunning(true, *local*)
2023-06-08 20:12:18,721 INFO o.a.j.e.StandardJMeterEngine: Starting ThreadGroup: 1 : Thread Group
2023-06-08 20:12:18,722 INFO o.a.j.e.StandardJMeterEngine: Starting 15 threads for group Thread Group.
2023-06-08 20:12:18,722 INFO o.a.j.e.StandardJMeterEngine: Thread will continue on error
2023-06-08 20:12:18,722 INFO o.a.j.t.ThreadGroup: Starting thread group... number=1 threads=15 ramp-up=1 delayedStart=false
2023-06-08 20:12:18,733 INFO o.a.j.t.ThreadGroup: Started thread group number 1
2023-06-08 20:12:18,733 INFO o.a.j.e.StandardJMeterEngine: All thread groups have been started
2023-06-08 20:12:18,750 INFO o.a.j.t.JMeterThread: Thread started: Thread Group 1-1
2023-06-08 20:12:18,801 INFO o.a.j.p.h.s.HTTPHCAbstractImpl: Local host = DESKTOP-QIU7N5B
2023-06-08 20:12:18,816 INFO o.a.j.t.JMeterThread: Thread started: Thread Group 1-2
2023-06-08 20:12:18,822 INFO o.a.j.p.h.s.HTTPHC4Impl: HTTP request retry count = 0
2023-06-08 20:12:18,880 INFO o.a.j.t.JMeterThread: Thread started: Thread Group 1-3
2023-06-08 20:12:18,947 INFO o.a.j.t.JMeterThread: Thread started: Thread Group 1-4
2023-06-08 20:12:19,014 INFO o.a.j.t.JMeterThread: Thread started: Thread Group 1-5
2023-06-08 20:12:19,081 INFO o.a.j.t.JMeterThread: Thread started: Thread Group 1-6
2023-06-08 20:12:19,148 INFO o.a.j.t.JMeterThread: Thread started: Thread Group 1-7
2023-06-08 20:12:19,216 INFO o.a.j.t.JMeterThread: Thread started: Thread Group 1-8
2023-06-08 20:12:19,262 INFO o.a.j.t.JMeterThread: Thread is done: Thread Group 1-2
2023-06-08 20:12:19,262 INFO o.a.j.t.JMeterThread: Thread finished: Thread Group 1-2
2023-06-08 20:12:19,285 INFO o.a.j.t.JMeterThread: Thread started: Thread Group 1-9
2023-06-08 20:12:19,313 INFO o.a.j.t.JMeterThread: Thread is done: Thread Group 1-8
2023-06-08 20:12:19,314 INFO o.a.j.t.JMeterThread: Thread finished: Thread Group 1-8
2023-06-08 20:12:19,331 INFO o.a.j.t.JMeterThread: Thread is done: Thread Group 1-1
2023-06-08 20:12:19,332 INFO o.a.j.t.JMeterThread: Thread finished: Thread Group 1-1
2023-06-08 20:12:19,335 INFO o.a.j.t.JMeterThread: Thread is done: Thread Group 1-7
2023-06-08 20:12:19,336 INFO o.a.j.t.JMeterThread: Thread finished: Thread Group 1-7
2023-06-08 20:12:19,338 INFO o.a.j.t.JMeterThread: Thread is done: Thread Group 1-9
2023-06-08 20:12:19,338 INFO o.a.j.t.JMeterThread: Thread finished: Thread Group 1-9
2023-06-08 20:12:19,350 INFO o.a.j.t.JMeterThread: Thread is done: Thread Group 1-5
2023-06-08 20:12:19,350 INFO o.a.j.t.JMeterThread: Thread finished: Thread Group 1-5
2023-06-08 20:12:19,352 INFO o.a.j.t.JMeterThread: Thread started: Thread Group 1-10
2023-06-08 20:12:19,353 INFO o.a.j.t.JMeterThread: Thread is done: Thread Group 1-3
2023-06-08 20:12:19,354 INFO o.a.j.t.JMeterThread: Thread finished: Thread Group 1-3
2023-06-08 20:12:19,372 INFO o.a.j.t.JMeterThread: Thread is done: Thread Group 1-10
2023-06-08 20:12:19,372 INFO o.a.j.t.JMeterThread: Thread finished: Thread Group 1-10
2023-06-08 20:12:19,420 INFO o.a.j.t.JMeterThread: Thread started: Thread Group 1-11
2023-06-08 20:12:19,443 INFO o.a.j.t.JMeterThread: Thread is done: Thread Group 1-11
2023-06-08 20:12:19,444 INFO o.a.j.t.JMeterThread: Thread finished: Thread Group 1-11
2023-06-08 20:12:19,485 INFO o.a.j.t.JMeterThread: Thread is done: Thread Group 1-4
2023-06-08 20:12:19,486 INFO o.a.j.t.JMeterThread: Thread finished: Thread Group 1-4
2023-06-08 20:12:19,512 INFO o.a.j.t.JMeterThread: Thread started: Thread Group 1-12
2023-06-08 20:12:19,578 INFO o.a.j.t.JMeterThread: Thread started: Thread Group 1-13
2023-06-08 20:12:19,598 INFO o.a.j.t.JMeterThread: Thread is done: Thread Group 1-12
2023-06-08 20:12:19,598 INFO o.a.j.t.JMeterThread: Thread finished: Thread Group 1-12
2023-06-08 20:12:19,638 INFO o.a.j.t.JMeterThread: Thread is done: Thread Group 1-6
2023-06-08 20:12:19,639 INFO o.a.j.t.JMeterThread: Thread finished: Thread Group 1-6
2023-06-08 20:12:19,644 INFO o.a.j.t.JMeterThread: Thread started: Thread Group 1-14
2023-06-08 20:12:19,654 INFO o.a.j.t.JMeterThread: Thread is done: Thread Group 1-13
2023-06-08 20:12:19,654 INFO o.a.j.t.JMeterThread: Thread finished: Thread Group 1-13
2023-06-08 20:12:19,669 INFO o.a.j.t.JMeterThread: Thread is done: Thread Group 1-14
2023-06-08 20:12:19,669 INFO o.a.j.t.JMeterThread: Thread finished: Thread Group 1-14
2023-06-08 20:12:19,713 INFO o.a.j.t.JMeterThread: Thread started: Thread Group 1-15
2023-06-08 20:12:19,771 INFO o.a.j.t.JMeterThread: Thread is done: Thread Group 1-15
2023-06-08 20:12:19,771 INFO o.a.j.t.JMeterThread: Thread finished: Thread Group 1-15
2023-06-08 20:12:19,773 INFO o.a.j.e.StandardJMeterEngine: Notifying test listeners of end of test
2023-06-08 20:12:19,773 INFO o.a.j.g.u.JMeterMenuBar: setRunning(false, *local*)
2023-06-08 20:15:38,906 INFO o.a.j.e.StandardJMeterEngine: Running the test!
2023-06-08 20:15:38,914 INFO o.a.j.s.SampleEvent: List of sample_variables: []
2023-06-08 20:15:38,919 INFO o.a.j.g.u.JMeterMenuBar: setRunning(true, *local*)
2023-06-08 20:15:39,102 INFO o.a.j.e.StandardJMeterEngine: Starting ThreadGroup: 1 : Thread Group
2023-06-08 20:15:39,103 INFO o.a.j.e.StandardJMeterEngine: Starting 15 threads for group Thread Group.
2023-06-08 20:15:39,103 INFO o.a.j.e.StandardJMeterEngine: Thread will continue on error
2023-06-08 20:15:39,103 INFO o.a.j.t.ThreadGroup: Starting thread group... number=1 threads=15 ramp-up=1 delayedStart=false
2023-06-08 20:15:39,112 INFO o.a.j.t.ThreadGroup: Started thread group number 1
2023-06-08 20:15:39,112 INFO o.a.j.e.StandardJMeterEngine: All thread groups have been started
2023-06-08 20:15:39,125 INFO o.a.j.t.JMeterThread: Thread started: Thread Group 1-1
2023-06-08 20:15:39,170 INFO o.a.j.t.JMeterThread: Thread is done: Thread Group 1-1
2023-06-08 20:15:39,170 INFO o.a.j.t.JMeterThread: Thread finished: Thread Group 1-1
2023-06-08 20:15:39,196 INFO o.a.j.t.JMeterThread: Thread started: Thread Group 1-2
2023-06-08 20:15:39,200 INFO o.a.j.t.JMeterThread: Thread is done: Thread Group 1-2
2023-06-08 20:15:39,201 INFO o.a.j.t.JMeterThread: Thread finished: Thread Group 1-2
2023-06-08 20:15:39,263 INFO o.a.j.t.JMeterThread: Thread started: Thread Group 1-3
2023-06-08 20:15:39,268 INFO o.a.j.t.JMeterThread: Thread is done: Thread Group 1-3
2023-06-08 20:15:39,269 INFO o.a.j.t.JMeterThread: Thread finished: Thread Group 1-3
2023-06-08 20:15:39,332 INFO o.a.j.t.JMeterThread: Thread started: Thread Group 1-4
2023-06-08 20:15:39,336 INFO o.a.j.t.JMeterThread: Thread is done: Thread Group 1-4
2023-06-08 20:15:39,336 INFO o.a.j.t.JMeterThread: Thread finished: Thread Group 1-4
2023-06-08 20:15:39,399 INFO o.a.j.t.JMeterThread: Thread started: Thread Group 1-5
2023-06-08 20:15:39,404 INFO o.a.j.t.JMeterThread: Thread is done: Thread Group 1-5
2023-06-08 20:15:39,405 INFO o.a.j.t.JMeterThread: Thread finished: Thread Group 1-5
2023-06-08 20:15:39,465 INFO o.a.j.t.JMeterThread: Thread started: Thread Group 1-6
2023-06-08 20:15:39,469 INFO o.a.j.t.JMeterThread: Thread is done: Thread Group 1-6
2023-06-08 20:15:39,471 INFO o.a.j.t.JMeterThread: Thread finished: Thread Group 1-6
2023-06-08 20:15:39,513 INFO o.a.j.t.JMeterThread: Thread started: Thread Group 1-7
2023-06-08 20:15:39,518 INFO o.a.j.t.JMeterThread: Thread is done: Thread Group 1-7
2023-06-08 20:15:39,518 INFO o.a.j.t.JMeterThread: Thread finished: Thread Group 1-7
2023-06-08 20:15:39,580 INFO o.a.j.t.JMeterThread: Thread started: Thread Group 1-8
2023-06-08 20:15:39,588 INFO o.a.j.t.JMeterThread: Thread is done: Thread Group 1-8
2023-06-08 20:15:39,589 INFO o.a.j.t.JMeterThread: Thread finished: Thread Group 1-8
2023-06-08 20:15:39,649 INFO o.a.j.t.JMeterThread: Thread started: Thread Group 1-9
2023-06-08 20:15:39,656 INFO o.a.j.t.JMeterThread: Thread is done: Thread Group 1-9
2023-06-08 20:15:39,656 INFO o.a.j.t.JMeterThread: Thread finished: Thread Group 1-9
2023-06-08 20:15:39,723 INFO o.a.j.t.JMeterThread: Thread started: Thread Group 1-10
2023-06-08 20:15:39,727 INFO o.a.j.t.JMeterThread: Thread is done: Thread Group 1-10
2023-06-08 20:15:39,727 INFO o.a.j.t.JMeterThread: Thread finished: Thread Group 1-10
2023-06-08 20:15:39,790 INFO o.a.j.t.JMeterThread: Thread started: Thread Group 1-11
2023-06-08 20:15:39,794 INFO o.a.j.t.JMeterThread: Thread is done: Thread Group 1-11
2023-06-08 20:15:39,794 INFO o.a.j.t.JMeterThread: Thread finished: Thread Group 1-11
2023-06-08 20:15:39,865 INFO o.a.j.t.JMeterThread: Thread started: Thread Group 1-12
2023-06-08 20:15:39,870 INFO o.a.j.t.JMeterThread: Thread is done: Thread Group 1-12
2023-06-08 20:15:39,870 INFO o.a.j.t.JMeterThread: Thread finished: Thread Group 1-12
2023-06-08 20:15:39,921 INFO o.a.j.t.JMeterThread: Thread started: Thread Group 1-13
2023-06-08 20:15:39,926 INFO o.a.j.t.JMeterThread: Thread is done: Thread Group 1-13
2023-06-08 20:15:39,927 INFO o.a.j.t.JMeterThread: Thread finished: Thread Group 1-13
2023-06-08 20:15:39,989 INFO o.a.j.t.JMeterThread: Thread started: Thread Group 1-14
2023-06-08 20:15:39,997 INFO o.a.j.t.JMeterThread: Thread is done: Thread Group 1-14
2023-06-08 20:15:39,997 INFO o.a.j.t.JMeterThread: Thread finished: Thread Group 1-14
2023-06-08 20:15:40,055 INFO o.a.j.t.JMeterThread: Thread started: Thread Group 1-15
2023-06-08 20:15:40,062 INFO o.a.j.t.JMeterThread: Thread is done: Thread Group 1-15
2023-06-08 20:15:40,062 INFO o.a.j.t.JMeterThread: Thread finished: Thread Group 1-15
2023-06-08 20:15:40,062 INFO o.a.j.e.StandardJMeterEngine: Notifying test listeners of end of test
2023-06-08 20:15:40,063 INFO o.a.j.g.u.JMeterMenuBar: setRunning(false, *local*)
2023-06-08 20:16:12,183 INFO o.a.j.e.StandardJMeterEngine: Running the test!
2023-06-08 20:16:12,183 INFO o.a.j.s.SampleEvent: List of sample_variables: []
2023-06-08 20:16:12,184 INFO o.a.j.g.u.JMeterMenuBar: setRunning(true, *local*)
2023-06-08 20:16:12,188 INFO o.a.j.e.StandardJMeterEngine: Starting ThreadGroup: 1 : Thread Group
2023-06-08 20:16:12,188 INFO o.a.j.e.StandardJMeterEngine: Starting 15 threads for group Thread Group.
2023-06-08 20:16:12,189 INFO o.a.j.e.StandardJMeterEngine: Thread will continue on error
2023-06-08 20:16:12,189 INFO o.a.j.t.ThreadGroup: Starting thread group... number=1 threads=15 ramp-up=1 delayedStart=false
2023-06-08 20:16:12,193 INFO o.a.j.t.ThreadGroup: Started thread group number 1
2023-06-08 20:16:12,193 INFO o.a.j.e.StandardJMeterEngine: All thread groups have been started
2023-06-08 20:16:12,195 INFO o.a.j.t.JMeterThread: Thread started: Thread Group 1-1
2023-06-08 20:16:12,274 INFO o.a.j.t.JMeterThread: Thread started: Thread Group 1-2
2023-06-08 20:16:12,343 INFO o.a.j.t.JMeterThread: Thread started: Thread Group 1-3
2023-06-08 20:16:12,412 INFO o.a.j.t.JMeterThread: Thread started: Thread Group 1-4
2023-06-08 20:16:12,480 INFO o.a.j.t.JMeterThread: Thread started: Thread Group 1-5
2023-06-08 20:16:12,547 INFO o.a.j.t.JMeterThread: Thread started: Thread Group 1-6
2023-06-08 20:16:12,616 INFO o.a.j.t.JMeterThread: Thread started: Thread Group 1-7
2023-06-08 20:16:12,683 INFO o.a.j.t.JMeterThread: Thread started: Thread Group 1-8
2023-06-08 20:16:12,751 INFO o.a.j.t.JMeterThread: Thread started: Thread Group 1-9
2023-06-08 20:16:12,818 INFO o.a.j.t.JMeterThread: Thread started: Thread Group 1-10
2023-06-08 20:16:12,885 INFO o.a.j.t.JMeterThread: Thread started: Thread Group 1-11
2023-06-08 20:16:12,952 INFO o.a.j.t.JMeterThread: Thread started: Thread Group 1-12
2023-06-08 20:16:13,019 INFO o.a.j.t.JMeterThread: Thread started: Thread Group 1-13
2023-06-08 20:16:13,087 INFO o.a.j.t.JMeterThread: Thread started: Thread Group 1-14
2023-06-08 20:16:13,154 INFO o.a.j.t.JMeterThread: Thread started: Thread Group 1-15
2023-06-08 20:16:13,476 INFO o.a.j.t.JMeterThread: Thread is done: Thread Group 1-2
2023-06-08 20:16:13,476 INFO o.a.j.t.JMeterThread: Thread finished: Thread Group 1-2
2023-06-08 20:16:13,568 INFO o.a.j.t.JMeterThread: Thread is done: Thread Group 1-4
2023-06-08 20:16:13,569 INFO o.a.j.t.JMeterThread: Thread finished: Thread Group 1-4
2023-06-08 20:16:14,454 INFO o.a.j.t.JMeterThread: Thread is done: Thread Group 1-1
2023-06-08 20:16:14,454 INFO o.a.j.t.JMeterThread: Thread finished: Thread Group 1-1
2023-06-08 20:16:14,456 INFO o.a.j.t.JMeterThread: Thread is done: Thread Group 1-3
2023-06-08 20:16:14,457 INFO o.a.j.t.JMeterThread: Thread finished: Thread Group 1-3
2023-06-08 20:16:14,499 INFO o.a.j.t.JMeterThread: Thread is done: Thread Group 1-5
2023-06-08 20:16:14,500 INFO o.a.j.t.JMeterThread: Thread finished: Thread Group 1-5
2023-06-08 20:16:14,565 INFO o.a.j.t.JMeterThread: Thread is done: Thread Group 1-6
2023-06-08 20:16:14,565 INFO o.a.j.t.JMeterThread: Thread finished: Thread Group 1-6
2023-06-08 20:16:14,626 INFO o.a.j.t.JMeterThread: Thread is done: Thread Group 1-7
2023-06-08 20:16:14,626 INFO o.a.j.t.JMeterThread: Thread finished: Thread Group 1-7
2023-06-08 20:16:14,707 INFO o.a.j.t.JMeterThread: Thread is done: Thread Group 1-8
2023-06-08 20:16:14,707 INFO o.a.j.t.JMeterThread: Thread finished: Thread Group 1-8
2023-06-08 20:16:14,766 INFO o.a.j.t.JMeterThread: Thread is done: Thread Group 1-9
2023-06-08 20:16:14,766 INFO o.a.j.t.JMeterThread: Thread finished: Thread Group 1-9
2023-06-08 20:16:14,829 INFO o.a.j.t.JMeterThread: Thread is done: Thread Group 1-10
2023-06-08 20:16:14,829 INFO o.a.j.t.JMeterThread: Thread finished: Thread Group 1-10
2023-06-08 20:16:14,907 INFO o.a.j.t.JMeterThread: Thread is done: Thread Group 1-11
2023-06-08 20:16:14,907 INFO o.a.j.t.JMeterThread: Thread finished: Thread Group 1-11
2023-06-08 20:16:14,972 INFO o.a.j.t.JMeterThread: Thread is done: Thread Group 1-12
2023-06-08 20:16:14,972 INFO o.a.j.t.JMeterThread: Thread finished: Thread Group 1-12
2023-06-08 20:16:15,049 INFO o.a.j.t.JMeterThread: Thread is done: Thread Group 1-13
2023-06-08 20:16:15,049 INFO o.a.j.t.JMeterThread: Thread finished: Thread Group 1-13
2023-06-08 20:16:15,111 INFO o.a.j.t.JMeterThread: Thread is done: Thread Group 1-14
2023-06-08 20:16:15,111 INFO o.a.j.t.JMeterThread: Thread finished: Thread Group 1-14
2023-06-08 20:16:15,176 INFO o.a.j.t.JMeterThread: Thread is done: Thread Group 1-15
2023-06-08 20:16:15,176 INFO o.a.j.t.JMeterThread: Thread finished: Thread Group 1-15
2023-06-08 20:16:15,177 INFO o.a.j.e.StandardJMeterEngine: Notifying test listeners of end of test
2023-06-08 20:16:15,177 INFO o.a.j.g.u.JMeterMenuBar: setRunning(false, *local*)
